# JRE version: OpenJDK Runtime Environment Temurin-21.0.7+6 (21.0.7+6) (build 21.0.7+6-LTS)
# Java VM: OpenJDK 64-Bit Server VM Temurin-21.0.7+6 (21.0.7+6-LTS, mixed mode, sharing, tiered, compressed oops, compressed class ptrs, g1 gc, windows-amd64)
GC Precious Log:
 CardTable entry size: 512
 Card Set container configuration: InlinePtr #cards 4 size 8 Array Of Cards #cards 32 size 80 Howl #buckets 8 coarsen threshold 7372 Howl Bitmap #cards 1024 size 144 coarsen threshold 921 Card regions per heap region 1 cards per card region 8192
 CPUs: 8 total, 8 available
 Memory: 32179M
 Large Page Support: Disabled
 NUMA Support: Disabled
 Compressed Oops: Enabled (Zero based)
 Heap Region Size: 4M
 Heap Min Capacity: 8M
 Heap Initial Capacity: 504M
 Heap Max Capacity: 8048M
 Pre-touch: Disabled
 Parallel Workers: 8
 Concurrent Workers: 2
 Concurrent Refinement Workers: 8
 Periodic GC: Disabled
Heap:
 garbage-first heap   total 180224K, used 113238K [0x0000000609000000, 0x0000000800000000)
  region size 4096K, 18 young (73728K), 4 survivors (16384K)
 Metaspace       used 94625K, committed 95552K, reserved 1179648K
  class space    used 12587K, committed 12992K, reserved 1048576K
GC Heap History (20 events):
Event: 12.068 GC heap before
{Heap before GC invocations=13 (full 0):
 garbage-first heap   total 69632K, used 35131K [0x0000000609000000, 0x0000000800000000)
  region size 4096K, 3 young (12288K), 1 survivors (4096K)
 Metaspace       used 59692K, committed 60416K, reserved 1114112K
  class space    used 7891K, committed 8256K, reserved 1048576K
}
Event: 12.071 GC heap after
{Heap after GC invocations=14 (full 0):
 garbage-first heap   total 69632K, used 30935K [0x0000000609000000, 0x0000000800000000)
  region size 4096K, 1 young (4096K), 1 survivors (4096K)
 Metaspace       used 59692K, committed 60416K, reserved 1114112K
  class space    used 7891K, committed 8256K, reserved 1048576K
}
Event: 12.834 GC heap before
{Heap before GC invocations=15 (full 0):
 garbage-first heap   total 69632K, used 55511K [0x0000000609000000, 0x0000000800000000)
  region size 4096K, 7 young (28672K), 1 survivors (4096K)
 Metaspace       used 65176K, committed 65920K, reserved 1114112K
  class space    used 8709K, committed 9088K, reserved 1048576K
}
Event: 12.838 GC heap after
{Heap after GC invocations=16 (full 0):
 garbage-first heap   total 69632K, used 32609K [0x0000000609000000, 0x0000000800000000)
  region size 4096K, 1 young (4096K), 1 survivors (4096K)
 Metaspace       used 65176K, committed 65920K, reserved 1114112K
  class space    used 8709K, committed 9088K, reserved 1048576K
}
Event: 13.484 GC heap before
{Heap before GC invocations=16 (full 0):
 garbage-first heap   total 69632K, used 57185K [0x0000000609000000, 0x0000000800000000)
  region size 4096K, 7 young (28672K), 1 survivors (4096K)
 Metaspace       used 68932K, committed 69696K, reserved 1114112K
  class space    used 9321K, committed 9664K, reserved 1048576K
}
Event: 13.490 GC heap after
{Heap after GC invocations=17 (full 0):
 garbage-first heap   total 69632K, used 34281K [0x0000000609000000, 0x0000000800000000)
  region size 4096K, 1 young (4096K), 1 survivors (4096K)
 Metaspace       used 68932K, committed 69696K, reserved 1114112K
  class space    used 9321K, committed 9664K, reserved 1048576K
}
Event: 14.112 GC heap before
{Heap before GC invocations=18 (full 0):
 garbage-first heap   total 69632K, used 58857K [0x0000000609000000, 0x0000000800000000)
  region size 4096K, 7 young (28672K), 1 survivors (4096K)
 Metaspace       used 70627K, committed 71360K, reserved 1114112K
  class space    used 9696K, committed 10048K, reserved 1048576K
}
Event: 14.119 GC heap after
{Heap after GC invocations=19 (full 0):
 garbage-first heap   total 69632K, used 35782K [0x0000000609000000, 0x0000000800000000)
  region size 4096K, 1 young (4096K), 1 survivors (4096K)
 Metaspace       used 70627K, committed 71360K, reserved 1114112K
  class space    used 9696K, committed 10048K, reserved 1048576K
}
Event: 14.376 GC heap before
{Heap before GC invocations=19 (full 0):
 garbage-first heap   total 69632K, used 60358K [0x0000000609000000, 0x0000000800000000)
  region size 4096K, 7 young (28672K), 1 survivors (4096K)
 Metaspace       used 72434K, committed 73152K, reserved 1114112K
  class space    used 9915K, committed 10240K, reserved 1048576K
}
Event: 14.383 GC heap after
{Heap after GC invocations=20 (full 0):
 garbage-first heap   total 73728K, used 35525K [0x0000000609000000, 0x0000000800000000)
  region size 4096K, 1 young (4096K), 1 survivors (4096K)
 Metaspace       used 72434K, committed 73152K, reserved 1114112K
  class space    used 9915K, committed 10240K, reserved 1048576K
}
Event: 14.501 GC heap before
{Heap before GC invocations=20 (full 0):
 garbage-first heap   total 73728K, used 60101K [0x0000000609000000, 0x0000000800000000)
  region size 4096K, 7 young (28672K), 1 survivors (4096K)
 Metaspace       used 72468K, committed 73216K, reserved 1114112K
  class space    used 9917K, committed 10240K, reserved 1048576K
}
Event: 14.504 GC heap after
{Heap after GC invocations=21 (full 0):
 garbage-first heap   total 73728K, used 35969K [0x0000000609000000, 0x0000000800000000)
  region size 4096K, 1 young (4096K), 1 survivors (4096K)
 Metaspace       used 72468K, committed 73216K, reserved 1114112K
  class space    used 9917K, committed 10240K, reserved 1048576K
}
Event: 14.670 GC heap before
{Heap before GC invocations=22 (full 0):
 garbage-first heap   total 73728K, used 60545K [0x0000000609000000, 0x0000000800000000)
  region size 4096K, 7 young (28672K), 1 survivors (4096K)
 Metaspace       used 72685K, committed 73408K, reserved 1114112K
  class space    used 9969K, committed 10304K, reserved 1048576K
}
Event: 14.677 GC heap after
{Heap after GC invocations=23 (full 0):
 garbage-first heap   total 73728K, used 39118K [0x0000000609000000, 0x0000000800000000)
  region size 4096K, 1 young (4096K), 1 survivors (4096K)
 Metaspace       used 72685K, committed 73408K, reserved 1114112K
  class space    used 9969K, committed 10304K, reserved 1048576K
}
Event: 14.789 GC heap before
{Heap before GC invocations=23 (full 0):
 garbage-first heap   total 73728K, used 63694K [0x0000000609000000, 0x0000000800000000)
  region size 4096K, 7 young (28672K), 1 survivors (4096K)
 Metaspace       used 72686K, committed 73408K, reserved 1114112K
  class space    used 9969K, committed 10304K, reserved 1048576K
}
Event: 14.797 GC heap after
{Heap after GC invocations=24 (full 0):
 garbage-first heap   total 77824K, used 45269K [0x0000000609000000, 0x0000000800000000)
  region size 4096K, 1 young (4096K), 1 survivors (4096K)
 Metaspace       used 72686K, committed 73408K, reserved 1114112K
  class space    used 9969K, committed 10304K, reserved 1048576K
}
Event: 14.859 GC heap before
{Heap before GC invocations=24 (full 0):
 garbage-first heap   total 77824K, used 61653K [0x0000000609000000, 0x0000000800000000)
  region size 4096K, 5 young (20480K), 1 survivors (4096K)
 Metaspace       used 72686K, committed 73408K, reserved 1114112K
  class space    used 9969K, committed 10304K, reserved 1048576K
}
Event: 14.867 GC heap after
{Heap after GC invocations=25 (full 0):
 garbage-first heap   total 299008K, used 50516K [0x0000000609000000, 0x0000000800000000)
  region size 4096K, 1 young (4096K), 1 survivors (4096K)
 Metaspace       used 72686K, committed 73408K, reserved 1114112K
  class space    used 9969K, committed 10304K, reserved 1048576K
}
Event: 18.112 GC heap before
{Heap before GC invocations=26 (full 0):
 garbage-first heap   total 180224K, used 152916K [0x0000000609000000, 0x0000000800000000)
  region size 4096K, 26 young (106496K), 1 survivors (4096K)
 Metaspace       used 83447K, committed 84352K, reserved 1179648K
  class space    used 11365K, committed 11776K, reserved 1048576K
}
Event: 18.126 GC heap after
{Heap after GC invocations=27 (full 0):
 garbage-first heap   total 180224K, used 59990K [0x0000000609000000, 0x0000000800000000)
  region size 4096K, 4 young (16384K), 4 survivors (16384K)
 Metaspace       used 83447K, committed 84352K, reserved 1179648K
  class space    used 11365K, committed 11776K, reserved 1048576K
}

